---------------------
Begin Register Values
---------------------
$ra = 0x0000000000000000
$sp = 0x0000000000000000
$gp = 0x0000000000000000
$tp = 0x0000000000000000

$t0 = 0x000000000000000c
$t1 = 0x0000000000000002
$t2 = 0x0000000000000003

$s0 = 0x0000000000000000
$s1 = 0x0000000000000000

$a0 = 0x0000000000000000
$a1 = 0x0000000000000000
$a2 = 0x0000000000000000
$a3 = 0x0000000000000000
$a4 = 0x0000000000000000
$a5 = 0x0000000000000000
$a6 = 0x0000000000000000
$a7 = 0x0000000000000000

$s2 = 0x0000000000000000
$s3 = 0x0000000000000000
$s4 = 0x0000000000000000
$s5 = 0x0000000000000000
$s6 = 0x0000000000000000
$s7 = 0x0000000000000000
$s8 = 0x0000000000000000
$s9 = 0x0000000000000000
$s10 = 0x0000000000000000
$s11 = 0x0000000000000000

$t3 = 0xfffffffffffffff8
$t4 = 0x0000000000000002
$t5 = 0xfffffffffffffffe
$t6 = 0x0000000000000000
---------------------
End Register Values
---------------------
